<?xml version="1.0" encoding="UTF-8" standalone="yes" ?>
<test-results name="C:\Projetos\DelphiVarios\TGABI\MiniREST\unittest\ORM\Win32\Debug\MiniRESTORMTest.exe" total="13" errors="13" failures="0" ignored="0" inconclusive="0" not-run="0" skipped="0" invalid="0" date="2018-10-21" time="17.342">
  <culture-info current-culture="en" current-uiculture="en" />
  <test-suite type="Assembly" name="MiniRESTORMTest.exe" executed="true" result="Failure" success="False" time="17.342" asserts="0">
    <results>
        <test-suite type="Namespace" name="uTest" executed="true" result="Success" success="True" time="17.342" asserts="0" >
          <results>
              <test-suite type="Fixture" name="TMiniRESTORMTest" executed="True" result="Success" success="True" time="17.342" >
                <results>
                  <test-case name="TesteVerifyStructure" executed="True" result="Error" success="False" time="1.862" asserts="0" >
                    <failure>
                      <message>
                        <![CDATA[ Not implemented ]]>
                      </message>
                      <stack-trace>
                        <![CDATA[  ]]>
                      </stack-trace>
                    </failure>
                  </test-case>
                  <test-case name="TesteInsert" executed="True" result="Error" success="False" time="0.636" asserts="0" >
                    <failure>
                      <message>
                        <![CDATA[ Not implemented ]]>
                      </message>
                      <stack-trace>
                        <![CDATA[  ]]>
                      </stack-trace>
                    </failure>
                  </test-case>
                  <test-case name="TestePrimaryKey" executed="True" result="Error" success="False" time="0.581" asserts="0" >
                    <failure>
                      <message>
                        <![CDATA[ Not implemented ]]>
                      </message>
                      <stack-trace>
                        <![CDATA[  ]]>
                      </stack-trace>
                    </failure>
                  </test-case>
                  <test-case name="TesteMerge" executed="True" result="Error" success="False" time="0.700" asserts="0" >
                    <failure>
                      <message>
                        <![CDATA[ Not implemented ]]>
                      </message>
                      <stack-trace>
                        <![CDATA[  ]]>
                      </stack-trace>
                    </failure>
                  </test-case>
                  <test-case name="TesteGet" executed="True" result="Error" success="False" time="0.548" asserts="0" >
                    <failure>
                      <message>
                        <![CDATA[ Not implemented ]]>
                      </message>
                      <stack-trace>
                        <![CDATA[  ]]>
                      </stack-trace>
                    </failure>
                  </test-case>
                  <test-case name="TesteDelete" executed="True" result="Error" success="False" time="0.577" asserts="0" >
                    <failure>
                      <message>
                        <![CDATA[ Not implemented ]]>
                      </message>
                      <stack-trace>
                        <![CDATA[  ]]>
                      </stack-trace>
                    </failure>
                  </test-case>
                  <test-case name="TesteAddColumn" executed="True" result="Error" success="False" time="0.638" asserts="0" >
                    <failure>
                      <message>
                        <![CDATA[ Not implemented ]]>
                      </message>
                      <stack-trace>
                        <![CDATA[  ]]>
                      </stack-trace>
                    </failure>
                  </test-case>
                  <test-case name="TesteInsert2" executed="True" result="Error" success="False" time="0.635" asserts="0" >
                    <failure>
                      <message>
                        <![CDATA[ Not implemented ]]>
                      </message>
                      <stack-trace>
                        <![CDATA[  ]]>
                      </stack-trace>
                    </failure>
                  </test-case>
                  <test-case name="TesteGet2" executed="True" result="Error" success="False" time="0.580" asserts="0" >
                    <failure>
                      <message>
                        <![CDATA[ Not implemented ]]>
                      </message>
                      <stack-trace>
                        <![CDATA[  ]]>
                      </stack-trace>
                    </failure>
                  </test-case>
                  <test-case name="TesteMerge2" executed="True" result="Error" success="False" time="0.579" asserts="0" >
                    <failure>
                      <message>
                        <![CDATA[ Not implemented ]]>
                      </message>
                      <stack-trace>
                        <![CDATA[  ]]>
                      </stack-trace>
                    </failure>
                  </test-case>
                  <test-case name="TesteInsertManyToMany" executed="True" result="Error" success="False" time="0.609" asserts="0" >
                    <failure>
                      <message>
                        <![CDATA[ Not implemented ]]>
                      </message>
                      <stack-trace>
                        <![CDATA[  ]]>
                      </stack-trace>
                    </failure>
                  </test-case>
                  <test-case name="TesteGetManyToMany" executed="True" result="Error" success="False" time="0.549" asserts="0" >
                    <failure>
                      <message>
                        <![CDATA[ Not implemented ]]>
                      </message>
                      <stack-trace>
                        <![CDATA[  ]]>
                      </stack-trace>
                    </failure>
                  </test-case>
                  <test-case name="TesteMergeManyToMany" executed="True" result="Error" success="False" time="0.580" asserts="0" >
                    <failure>
                      <message>
                        <![CDATA[ Not implemented ]]>
                      </message>
                      <stack-trace>
                        <![CDATA[  ]]>
                      </stack-trace>
                    </failure>
                  </test-case>
                </results>
              </test-suite>
          </results>
        </test-suite>
    </results>
  </test-suite>
</test-results>
