<?xml version="1.0" encoding="UTF-8" standalone="yes" ?>
<test-results name="D:\projetos\MiniREST\unittest\SQL\Win32\Debug\MiniRESTSQLTest.exe" total="12" errors="0" failures="0" ignored="0" inconclusive="0" not-run="0" skipped="0" invalid="0" date="2018-12-07" time="1.223">
  <culture-info current-culture="en" current-uiculture="en" />
  <test-suite type="Assembly" name="MiniRESTSQLTest.exe" executed="true" result="Success" success="True" time="1.223" asserts="0">
    <results>
        <test-suite type="Namespace" name="Test" executed="true" result="Success" success="True" time="1.991" asserts="0" >
          <results>
              <test-suite type="Namespace" name="SQL" executed="true" result="Success" success="True" time="1.991" asserts="0" >
                <results>
                    <test-suite type="Fixture" name="TMiniRESTSQLTestDBX" executed="True" result="Success" success="True" time="1.223" >
                      <results>
                        <test-case name="TestInsert" executed="True" result="Success" success="True" time="0.106" asserts="0" />
                        <test-case name="TestExecute" executed="True" result="Success" success="True" time="0.038" asserts="0" />
                        <test-case name="TestJSON" executed="True" result="Success" success="True" time="0.001" asserts="0" />
                        <test-case name="TestJSON2" executed="True" result="Success" success="True" time="0.001" asserts="0" />
                        <test-case name="TestTransaction" executed="True" result="Success" success="True" time="0.133" asserts="0" />
                        <test-case name="TestTransaction2" executed="True" result="Success" success="True" time="0.120" asserts="0" />
                      </results>
                    </test-suite>
                    <test-suite type="Fixture" name="TMiniRESTSQLTestFiredac" executed="True" result="Success" success="True" time="0.768" >
                      <results>
                        <test-case name="TestInsert" executed="True" result="Success" success="True" time="0.242" asserts="0" />
                        <test-case name="TestExecute" executed="True" result="Success" success="True" time="0.063" asserts="0" />
                        <test-case name="TestJSON" executed="True" result="Success" success="True" time="0.001" asserts="0" />
                        <test-case name="TestJSON2" executed="True" result="Success" success="True" time="0.001" asserts="0" />
                        <test-case name="TestTransaction" executed="True" result="Success" success="True" time="0.186" asserts="0" />
                        <test-case name="TestTransaction2" executed="True" result="Success" success="True" time="0.172" asserts="0" />
                      </results>
                    </test-suite>
                </results>
              </test-suite>
          </results>
        </test-suite>
    </results>
  </test-suite>
</test-results>
